2024-04-10 16:24:25.263 [info] Extension host with pid 16477 started
2024-04-10 16:24:25.400 [info] ExtensionService#_doActivateExtension vscode.emmet, startup: false, activationEvent: 'onLanguage'
2024-04-10 16:24:25.501 [info] Lock '/home/hiroroshi/.vscode-server/data/User/workspaceStorage/259176c8d74c9e57635ffcf73590f48a/vscode.lock': Lock acquired.
2024-04-10 16:24:25.643 [info] ExtensionService#_doActivateExtension vscode.git-base, startup: true, activationEvent: '*', root cause: vscode.git
2024-04-10 16:24:25.654 [info] ExtensionService#_doActivateExtension EditorConfig.EditorConfig, startup: true, activationEvent: '*'
2024-04-10 16:24:25.801 [info] ExtensionService#_doActivateExtension vscode.git, startup: true, activationEvent: '*'
2024-04-10 16:24:25.802 [info] ExtensionService#_doActivateExtension vscode.github, startup: true, activationEvent: '*'
2024-04-10 16:24:26.657 [info] Eager extensions activated
2024-04-10 16:24:26.658 [info] ExtensionService#_doActivateExtension vscode.debug-auto-launch, startup: false, activationEvent: 'onStartupFinished'
2024-04-10 16:24:26.659 [info] ExtensionService#_doActivateExtension vscode.merge-conflict, startup: false, activationEvent: 'onStartupFinished'
2024-04-10 16:24:26.659 [info] ExtensionService#_doActivateExtension dbaeumer.vscode-eslint, startup: false, activationEvent: 'onStartupFinished'
2024-04-10 16:24:26.659 [info] ExtensionService#_doActivateExtension eamodio.gitlens, startup: false, activationEvent: 'onStartupFinished'
2024-04-10 16:24:26.660 [info] ExtensionService#_doActivateExtension naumovs.color-highlight, startup: false, activationEvent: 'onStartupFinished'
2024-04-10 16:24:26.661 [info] ExtensionService#_doActivateExtension ritwickdey.LiveServer, startup: false, activationEvent: 'onStartupFinished'
2024-04-10 16:24:27.368 [info] ExtensionService#_doActivateExtension ms-vsliveshare.vsliveshare, startup: false, activationEvent: 'api', root cause: ritwickdey.LiveServer
2024-04-10 16:24:33.661 [info] Extension host terminating: received terminate message from renderer
2024-04-10 16:24:33.662 [info] Lock '/home/hiroroshi/.vscode-server/data/User/workspaceStorage/259176c8d74c9e57635ffcf73590f48a/vscode.lock': Marking the lockfile as scheduled to be released in 6000 ms.
2024-04-10 16:24:33.852 [error] Canceled: Canceled
	at new O (/home/hiroroshi/.vscode-server/bin/5c3e652f63e798a5ac2f31ffd0d863669328dc4c/out/vs/workbench/api/node/extensionHostProcess.js:144:46998)
	at h.U (/home/hiroroshi/.vscode-server/bin/5c3e652f63e798a5ac2f31ffd0d863669328dc4c/out/vs/workbench/api/node/extensionHostProcess.js:151:5539)
	at F.<computed>.T.charCodeAt.F.<computed> (/home/hiroroshi/.vscode-server/bin/5c3e652f63e798a5ac2f31ffd0d863669328dc4c/out/vs/workbench/api/node/extensionHostProcess.js:151:2993)
	at d.g (/home/hiroroshi/.vscode-server/bin/5c3e652f63e798a5ac2f31ffd0d863669328dc4c/out/vs/workbench/api/node/extensionHostProcess.js:154:186335)
	at d.executeCommand (/home/hiroroshi/.vscode-server/bin/5c3e652f63e798a5ac2f31ffd0d863669328dc4c/out/vs/workbench/api/node/extensionHostProcess.js:154:185773)
	at E.registerCommand.description (/home/hiroroshi/.vscode-server/bin/5c3e652f63e798a5ac2f31ffd0d863669328dc4c/out/vs/workbench/api/node/extensionHostProcess.js:154:185097)
	at d.h (/home/hiroroshi/.vscode-server/bin/5c3e652f63e798a5ac2f31ffd0d863669328dc4c/out/vs/workbench/api/node/extensionHostProcess.js:154:186874)
	at d.g (/home/hiroroshi/.vscode-server/bin/5c3e652f63e798a5ac2f31ffd0d863669328dc4c/out/vs/workbench/api/node/extensionHostProcess.js:154:185866)
	at d.executeCommand (/home/hiroroshi/.vscode-server/bin/5c3e652f63e798a5ac2f31ffd0d863669328dc4c/out/vs/workbench/api/node/extensionHostProcess.js:154:185773)
	at Object.executeCommand (/home/hiroroshi/.vscode-server/bin/5c3e652f63e798a5ac2f31ffd0d863669328dc4c/out/vs/workbench/api/node/extensionHostProcess.js:164:22984)
	at a.O [as value] (/home/hiroroshi/.vscode-server/bin/5c3e652f63e798a5ac2f31ffd0d863669328dc4c/extensions/git/dist/main.js:2:945802)
	at s.y (/home/hiroroshi/.vscode-server/bin/5c3e652f63e798a5ac2f31ffd0d863669328dc4c/out/vs/workbench/api/node/extensionHostProcess.js:82:659)
	at s.z (/home/hiroroshi/.vscode-server/bin/5c3e652f63e798a5ac2f31ffd0d863669328dc4c/out/vs/workbench/api/node/extensionHostProcess.js:82:729)
	at s.fire (/home/hiroroshi/.vscode-server/bin/5c3e652f63e798a5ac2f31ffd0d863669328dc4c/out/vs/workbench/api/node/extensionHostProcess.js:82:945)
	at Object.m [as dispose] (/home/hiroroshi/.vscode-server/bin/5c3e652f63e798a5ac2f31ffd0d863669328dc4c/extensions/git/dist/main.js:2:964886)
	at /home/hiroroshi/.vscode-server/bin/5c3e652f63e798a5ac2f31ffd0d863669328dc4c/extensions/git/dist/main.js:2:970920
	at Array.forEach (<anonymous>)
	at f.dispose (/home/hiroroshi/.vscode-server/bin/5c3e652f63e798a5ac2f31ffd0d863669328dc4c/extensions/git/dist/main.js:2:970906)
	at o.<anonymous> (/home/hiroroshi/.vscode-server/bin/5c3e652f63e798a5ac2f31ffd0d863669328dc4c/out/vs/workbench/api/node/extensionHostProcess.js:152:3830)
	at o.dispose (/home/hiroroshi/.vscode-server/bin/5c3e652f63e798a5ac2f31ffd0d863669328dc4c/out/vs/workbench/api/node/extensionHostProcess.js:152:3927)
	at o.<anonymous> (/home/hiroroshi/.vscode-server/bin/5c3e652f63e798a5ac2f31ffd0d863669328dc4c/extensions/git/dist/main.js:2:948059)
	at o.dispose (/home/hiroroshi/.vscode-server/bin/5c3e652f63e798a5ac2f31ffd0d863669328dc4c/out/vs/workbench/api/node/extensionHostProcess.js:152:3927)
	at a (/home/hiroroshi/.vscode-server/bin/5c3e652f63e798a5ac2f31ffd0d863669328dc4c/out/vs/workbench/api/node/extensionHostProcess.js:30:714)
	at g.eb (/home/hiroroshi/.vscode-server/bin/5c3e652f63e798a5ac2f31ffd0d863669328dc4c/out/vs/workbench/api/node/extensionHostProcess.js:160:9967)
	at /home/hiroroshi/.vscode-server/bin/5c3e652f63e798a5ac2f31ffd0d863669328dc4c/out/vs/workbench/api/node/extensionHostProcess.js:160:7816
	at Array.map (<anonymous>)
	at g.$ (/home/hiroroshi/.vscode-server/bin/5c3e652f63e798a5ac2f31ffd0d863669328dc4c/out/vs/workbench/api/node/extensionHostProcess.js:160:7803)
	at g.terminate (/home/hiroroshi/.vscode-server/bin/5c3e652f63e798a5ac2f31ffd0d863669328dc4c/out/vs/workbench/api/node/extensionHostProcess.js:160:8077)
	at a.terminate (/home/hiroroshi/.vscode-server/bin/5c3e652f63e798a5ac2f31ffd0d863669328dc4c/out/vs/workbench/api/node/extensionHostProcess.js:164:1513)
	at t (/home/hiroroshi/.vscode-server/bin/5c3e652f63e798a5ac2f31ffd0d863669328dc4c/out/vs/workbench/api/node/extensionHostProcess.js:177:9917)
	at a.value (/home/hiroroshi/.vscode-server/bin/5c3e652f63e798a5ac2f31ffd0d863669328dc4c/out/vs/workbench/api/node/extensionHostProcess.js:177:7964)
	at s.y (/home/hiroroshi/.vscode-server/bin/5c3e652f63e798a5ac2f31ffd0d863669328dc4c/out/vs/workbench/api/node/extensionHostProcess.js:82:659)
	at s.fire (/home/hiroroshi/.vscode-server/bin/5c3e652f63e798a5ac2f31ffd0d863669328dc4c/out/vs/workbench/api/node/extensionHostProcess.js:82:876)
	at r.fire (/home/hiroroshi/.vscode-server/bin/5c3e652f63e798a5ac2f31ffd0d863669328dc4c/out/vs/workbench/api/node/extensionHostProcess.js:107:14173)
	at d.z (/home/hiroroshi/.vscode-server/bin/5c3e652f63e798a5ac2f31ffd0d863669328dc4c/out/vs/workbench/api/node/extensionHostProcess.js:107:17238)
	at a.value (/home/hiroroshi/.vscode-server/bin/5c3e652f63e798a5ac2f31ffd0d863669328dc4c/out/vs/workbench/api/node/extensionHostProcess.js:107:15690)
	at s.y (/home/hiroroshi/.vscode-server/bin/5c3e652f63e798a5ac2f31ffd0d863669328dc4c/out/vs/workbench/api/node/extensionHostProcess.js:82:659)
	at s.fire (/home/hiroroshi/.vscode-server/bin/5c3e652f63e798a5ac2f31ffd0d863669328dc4c/out/vs/workbench/api/node/extensionHostProcess.js:82:876)
	at g.acceptChunk (/home/hiroroshi/.vscode-server/bin/5c3e652f63e798a5ac2f31ffd0d863669328dc4c/out/vs/workbench/api/node/extensionHostProcess.js:107:11947)
	at a.value (/home/hiroroshi/.vscode-server/bin/5c3e652f63e798a5ac2f31ffd0d863669328dc4c/out/vs/workbench/api/node/extensionHostProcess.js:107:11234)
	at s.y (/home/hiroroshi/.vscode-server/bin/5c3e652f63e798a5ac2f31ffd0d863669328dc4c/out/vs/workbench/api/node/extensionHostProcess.js:82:659)
	at s.fire (/home/hiroroshi/.vscode-server/bin/5c3e652f63e798a5ac2f31ffd0d863669328dc4c/out/vs/workbench/api/node/extensionHostProcess.js:82:876)
	at i.z (/home/hiroroshi/.vscode-server/bin/5c3e652f63e798a5ac2f31ffd0d863669328dc4c/out/vs/workbench/api/node/extensionHostProcess.js:174:19732)
	at i.acceptFrame (/home/hiroroshi/.vscode-server/bin/5c3e652f63e798a5ac2f31ffd0d863669328dc4c/out/vs/workbench/api/node/extensionHostProcess.js:174:19538)
	at n (/home/hiroroshi/.vscode-server/bin/5c3e652f63e798a5ac2f31ffd0d863669328dc4c/out/vs/workbench/api/node/extensionHostProcess.js:174:18037)
	at /home/hiroroshi/.vscode-server/bin/5c3e652f63e798a5ac2f31ffd0d863669328dc4c/out/vs/workbench/api/node/extensionHostProcess.js:174:15257
	at Socket.k (/home/hiroroshi/.vscode-server/bin/5c3e652f63e798a5ac2f31ffd0d863669328dc4c/out/vs/workbench/api/node/extensionHostProcess.js:174:13162)
	at Socket.emit (node:events:517:28)
	at addChunk (node:internal/streams/readable:335:12)
	at readableAddChunk (node:internal/streams/readable:308:9)
	at Readable.push (node:internal/streams/readable:245:10)
	at TCP.onStreamRead (node:internal/stream_base_commons:190:23) setContext undefined
2024-04-10 16:24:33.854 [error] Canceled: Canceled
	at new O (/home/hiroroshi/.vscode-server/bin/5c3e652f63e798a5ac2f31ffd0d863669328dc4c/out/vs/workbench/api/node/extensionHostProcess.js:144:46998)
	at h.U (/home/hiroroshi/.vscode-server/bin/5c3e652f63e798a5ac2f31ffd0d863669328dc4c/out/vs/workbench/api/node/extensionHostProcess.js:151:5539)
	at F.<computed>.T.charCodeAt.F.<computed> (/home/hiroroshi/.vscode-server/bin/5c3e652f63e798a5ac2f31ffd0d863669328dc4c/out/vs/workbench/api/node/extensionHostProcess.js:151:2993)
	at d.g (/home/hiroroshi/.vscode-server/bin/5c3e652f63e798a5ac2f31ffd0d863669328dc4c/out/vs/workbench/api/node/extensionHostProcess.js:154:186335)
	at d.executeCommand (/home/hiroroshi/.vscode-server/bin/5c3e652f63e798a5ac2f31ffd0d863669328dc4c/out/vs/workbench/api/node/extensionHostProcess.js:154:185773)
	at E.registerCommand.description (/home/hiroroshi/.vscode-server/bin/5c3e652f63e798a5ac2f31ffd0d863669328dc4c/out/vs/workbench/api/node/extensionHostProcess.js:154:185097)
	at d.h (/home/hiroroshi/.vscode-server/bin/5c3e652f63e798a5ac2f31ffd0d863669328dc4c/out/vs/workbench/api/node/extensionHostProcess.js:154:186874)
	at d.g (/home/hiroroshi/.vscode-server/bin/5c3e652f63e798a5ac2f31ffd0d863669328dc4c/out/vs/workbench/api/node/extensionHostProcess.js:154:185866)
	at d.executeCommand (/home/hiroroshi/.vscode-server/bin/5c3e652f63e798a5ac2f31ffd0d863669328dc4c/out/vs/workbench/api/node/extensionHostProcess.js:154:185773)
	at Object.executeCommand (/home/hiroroshi/.vscode-server/bin/5c3e652f63e798a5ac2f31ffd0d863669328dc4c/out/vs/workbench/api/node/extensionHostProcess.js:164:22984)
	at set hasGitHubRepositories [as hasGitHubRepositories] (/home/hiroroshi/.vscode-server/bin/5c3e652f63e798a5ac2f31ffd0d863669328dc4c/extensions/github/dist/extension.js:2:324866)
	at /home/hiroroshi/.vscode-server/bin/5c3e652f63e798a5ac2f31ffd0d863669328dc4c/extensions/github/dist/extension.js:2:325825
	at a.value (/home/hiroroshi/.vscode-server/bin/5c3e652f63e798a5ac2f31ffd0d863669328dc4c/extensions/git/dist/main.js:2:1051703)
	at s.y (/home/hiroroshi/.vscode-server/bin/5c3e652f63e798a5ac2f31ffd0d863669328dc4c/out/vs/workbench/api/node/extensionHostProcess.js:82:659)
	at s.z (/home/hiroroshi/.vscode-server/bin/5c3e652f63e798a5ac2f31ffd0d863669328dc4c/out/vs/workbench/api/node/extensionHostProcess.js:82:729)
	at s.fire (/home/hiroroshi/.vscode-server/bin/5c3e652f63e798a5ac2f31ffd0d863669328dc4c/out/vs/workbench/api/node/extensionHostProcess.js:82:945)
	at Object.m [as dispose] (/home/hiroroshi/.vscode-server/bin/5c3e652f63e798a5ac2f31ffd0d863669328dc4c/extensions/git/dist/main.js:2:964886)
	at /home/hiroroshi/.vscode-server/bin/5c3e652f63e798a5ac2f31ffd0d863669328dc4c/extensions/git/dist/main.js:2:970920
	at Array.forEach (<anonymous>)
	at f.dispose (/home/hiroroshi/.vscode-server/bin/5c3e652f63e798a5ac2f31ffd0d863669328dc4c/extensions/git/dist/main.js:2:970906)
	at o.<anonymous> (/home/hiroroshi/.vscode-server/bin/5c3e652f63e798a5ac2f31ffd0d863669328dc4c/out/vs/workbench/api/node/extensionHostProcess.js:152:3830)
	at o.dispose (/home/hiroroshi/.vscode-server/bin/5c3e652f63e798a5ac2f31ffd0d863669328dc4c/out/vs/workbench/api/node/extensionHostProcess.js:152:3927)
	at o.<anonymous> (/home/hiroroshi/.vscode-server/bin/5c3e652f63e798a5ac2f31ffd0d863669328dc4c/extensions/git/dist/main.js:2:948059)
	at o.dispose (/home/hiroroshi/.vscode-server/bin/5c3e652f63e798a5ac2f31ffd0d863669328dc4c/out/vs/workbench/api/node/extensionHostProcess.js:152:3927)
	at a (/home/hiroroshi/.vscode-server/bin/5c3e652f63e798a5ac2f31ffd0d863669328dc4c/out/vs/workbench/api/node/extensionHostProcess.js:30:714)
	at g.eb (/home/hiroroshi/.vscode-server/bin/5c3e652f63e798a5ac2f31ffd0d863669328dc4c/out/vs/workbench/api/node/extensionHostProcess.js:160:9967)
	at /home/hiroroshi/.vscode-server/bin/5c3e652f63e798a5ac2f31ffd0d863669328dc4c/out/vs/workbench/api/node/extensionHostProcess.js:160:7816
	at Array.map (<anonymous>)
	at g.$ (/home/hiroroshi/.vscode-server/bin/5c3e652f63e798a5ac2f31ffd0d863669328dc4c/out/vs/workbench/api/node/extensionHostProcess.js:160:7803)
	at g.terminate (/home/hiroroshi/.vscode-server/bin/5c3e652f63e798a5ac2f31ffd0d863669328dc4c/out/vs/workbench/api/node/extensionHostProcess.js:160:8077)
	at a.terminate (/home/hiroroshi/.vscode-server/bin/5c3e652f63e798a5ac2f31ffd0d863669328dc4c/out/vs/workbench/api/node/extensionHostProcess.js:164:1513)
	at t (/home/hiroroshi/.vscode-server/bin/5c3e652f63e798a5ac2f31ffd0d863669328dc4c/out/vs/workbench/api/node/extensionHostProcess.js:177:9917)
	at a.value (/home/hiroroshi/.vscode-server/bin/5c3e652f63e798a5ac2f31ffd0d863669328dc4c/out/vs/workbench/api/node/extensionHostProcess.js:177:7964)
	at s.y (/home/hiroroshi/.vscode-server/bin/5c3e652f63e798a5ac2f31ffd0d863669328dc4c/out/vs/workbench/api/node/extensionHostProcess.js:82:659)
	at s.fire (/home/hiroroshi/.vscode-server/bin/5c3e652f63e798a5ac2f31ffd0d863669328dc4c/out/vs/workbench/api/node/extensionHostProcess.js:82:876)
	at r.fire (/home/hiroroshi/.vscode-server/bin/5c3e652f63e798a5ac2f31ffd0d863669328dc4c/out/vs/workbench/api/node/extensionHostProcess.js:107:14173)
	at d.z (/home/hiroroshi/.vscode-server/bin/5c3e652f63e798a5ac2f31ffd0d863669328dc4c/out/vs/workbench/api/node/extensionHostProcess.js:107:17238)
	at a.value (/home/hiroroshi/.vscode-server/bin/5c3e652f63e798a5ac2f31ffd0d863669328dc4c/out/vs/workbench/api/node/extensionHostProcess.js:107:15690)
	at s.y (/home/hiroroshi/.vscode-server/bin/5c3e652f63e798a5ac2f31ffd0d863669328dc4c/out/vs/workbench/api/node/extensionHostProcess.js:82:659)
	at s.fire (/home/hiroroshi/.vscode-server/bin/5c3e652f63e798a5ac2f31ffd0d863669328dc4c/out/vs/workbench/api/node/extensionHostProcess.js:82:876)
	at g.acceptChunk (/home/hiroroshi/.vscode-server/bin/5c3e652f63e798a5ac2f31ffd0d863669328dc4c/out/vs/workbench/api/node/extensionHostProcess.js:107:11947)
	at a.value (/home/hiroroshi/.vscode-server/bin/5c3e652f63e798a5ac2f31ffd0d863669328dc4c/out/vs/workbench/api/node/extensionHostProcess.js:107:11234)
	at s.y (/home/hiroroshi/.vscode-server/bin/5c3e652f63e798a5ac2f31ffd0d863669328dc4c/out/vs/workbench/api/node/extensionHostProcess.js:82:659)
	at s.fire (/home/hiroroshi/.vscode-server/bin/5c3e652f63e798a5ac2f31ffd0d863669328dc4c/out/vs/workbench/api/node/extensionHostProcess.js:82:876)
	at i.z (/home/hiroroshi/.vscode-server/bin/5c3e652f63e798a5ac2f31ffd0d863669328dc4c/out/vs/workbench/api/node/extensionHostProcess.js:174:19732)
	at i.acceptFrame (/home/hiroroshi/.vscode-server/bin/5c3e652f63e798a5ac2f31ffd0d863669328dc4c/out/vs/workbench/api/node/extensionHostProcess.js:174:19538)
	at n (/home/hiroroshi/.vscode-server/bin/5c3e652f63e798a5ac2f31ffd0d863669328dc4c/out/vs/workbench/api/node/extensionHostProcess.js:174:18037)
	at /home/hiroroshi/.vscode-server/bin/5c3e652f63e798a5ac2f31ffd0d863669328dc4c/out/vs/workbench/api/node/extensionHostProcess.js:174:15257
	at Socket.k (/home/hiroroshi/.vscode-server/bin/5c3e652f63e798a5ac2f31ffd0d863669328dc4c/out/vs/workbench/api/node/extensionHostProcess.js:174:13162)
	at Socket.emit (node:events:517:28)
	at addChunk (node:internal/streams/readable:335:12)
	at readableAddChunk (node:internal/streams/readable:308:9)
	at Readable.push (node:internal/streams/readable:245:10)
	at TCP.onStreamRead (node:internal/stream_base_commons:190:23) setContext undefined
2024-04-10 16:24:33.855 [error] Canceled: Canceled
	at new O (/home/hiroroshi/.vscode-server/bin/5c3e652f63e798a5ac2f31ffd0d863669328dc4c/out/vs/workbench/api/node/extensionHostProcess.js:144:46998)
	at h.U (/home/hiroroshi/.vscode-server/bin/5c3e652f63e798a5ac2f31ffd0d863669328dc4c/out/vs/workbench/api/node/extensionHostProcess.js:151:5539)
	at F.<computed>.T.charCodeAt.F.<computed> (/home/hiroroshi/.vscode-server/bin/5c3e652f63e798a5ac2f31ffd0d863669328dc4c/out/vs/workbench/api/node/extensionHostProcess.js:151:2993)
	at d.g (/home/hiroroshi/.vscode-server/bin/5c3e652f63e798a5ac2f31ffd0d863669328dc4c/out/vs/workbench/api/node/extensionHostProcess.js:154:186335)
	at d.executeCommand (/home/hiroroshi/.vscode-server/bin/5c3e652f63e798a5ac2f31ffd0d863669328dc4c/out/vs/workbench/api/node/extensionHostProcess.js:154:185773)
	at E.registerCommand.description (/home/hiroroshi/.vscode-server/bin/5c3e652f63e798a5ac2f31ffd0d863669328dc4c/out/vs/workbench/api/node/extensionHostProcess.js:154:185097)
	at d.h (/home/hiroroshi/.vscode-server/bin/5c3e652f63e798a5ac2f31ffd0d863669328dc4c/out/vs/workbench/api/node/extensionHostProcess.js:154:186874)
	at d.g (/home/hiroroshi/.vscode-server/bin/5c3e652f63e798a5ac2f31ffd0d863669328dc4c/out/vs/workbench/api/node/extensionHostProcess.js:154:185866)
	at d.executeCommand (/home/hiroroshi/.vscode-server/bin/5c3e652f63e798a5ac2f31ffd0d863669328dc4c/out/vs/workbench/api/node/extensionHostProcess.js:154:185773)
	at Object.executeCommand (/home/hiroroshi/.vscode-server/bin/5c3e652f63e798a5ac2f31ffd0d863669328dc4c/out/vs/workbench/api/node/extensionHostProcess.js:164:22984)
	at a.O [as value] (/home/hiroroshi/.vscode-server/bin/5c3e652f63e798a5ac2f31ffd0d863669328dc4c/extensions/git/dist/main.js:2:945802)
	at s.y (/home/hiroroshi/.vscode-server/bin/5c3e652f63e798a5ac2f31ffd0d863669328dc4c/out/vs/workbench/api/node/extensionHostProcess.js:82:659)
	at s.z (/home/hiroroshi/.vscode-server/bin/5c3e652f63e798a5ac2f31ffd0d863669328dc4c/out/vs/workbench/api/node/extensionHostProcess.js:82:729)
	at s.fire (/home/hiroroshi/.vscode-server/bin/5c3e652f63e798a5ac2f31ffd0d863669328dc4c/out/vs/workbench/api/node/extensionHostProcess.js:82:945)
	at Object.m [as dispose] (/home/hiroroshi/.vscode-server/bin/5c3e652f63e798a5ac2f31ffd0d863669328dc4c/extensions/git/dist/main.js:2:964886)
	at /home/hiroroshi/.vscode-server/bin/5c3e652f63e798a5ac2f31ffd0d863669328dc4c/extensions/git/dist/main.js:2:970920
	at Array.forEach (<anonymous>)
	at f.dispose (/home/hiroroshi/.vscode-server/bin/5c3e652f63e798a5ac2f31ffd0d863669328dc4c/extensions/git/dist/main.js:2:970906)
	at o.<anonymous> (/home/hiroroshi/.vscode-server/bin/5c3e652f63e798a5ac2f31ffd0d863669328dc4c/out/vs/workbench/api/node/extensionHostProcess.js:152:3830)
	at o.dispose (/home/hiroroshi/.vscode-server/bin/5c3e652f63e798a5ac2f31ffd0d863669328dc4c/out/vs/workbench/api/node/extensionHostProcess.js:152:3927)
	at o.<anonymous> (/home/hiroroshi/.vscode-server/bin/5c3e652f63e798a5ac2f31ffd0d863669328dc4c/extensions/git/dist/main.js:2:948059)
	at o.dispose (/home/hiroroshi/.vscode-server/bin/5c3e652f63e798a5ac2f31ffd0d863669328dc4c/out/vs/workbench/api/node/extensionHostProcess.js:152:3927)
	at a (/home/hiroroshi/.vscode-server/bin/5c3e652f63e798a5ac2f31ffd0d863669328dc4c/out/vs/workbench/api/node/extensionHostProcess.js:30:714)
	at g.eb (/home/hiroroshi/.vscode-server/bin/5c3e652f63e798a5ac2f31ffd0d863669328dc4c/out/vs/workbench/api/node/extensionHostProcess.js:160:9967)
	at /home/hiroroshi/.vscode-server/bin/5c3e652f63e798a5ac2f31ffd0d863669328dc4c/out/vs/workbench/api/node/extensionHostProcess.js:160:7816
	at Array.map (<anonymous>)
	at g.$ (/home/hiroroshi/.vscode-server/bin/5c3e652f63e798a5ac2f31ffd0d863669328dc4c/out/vs/workbench/api/node/extensionHostProcess.js:160:7803)
	at g.terminate (/home/hiroroshi/.vscode-server/bin/5c3e652f63e798a5ac2f31ffd0d863669328dc4c/out/vs/workbench/api/node/extensionHostProcess.js:160:8077)
	at a.terminate (/home/hiroroshi/.vscode-server/bin/5c3e652f63e798a5ac2f31ffd0d863669328dc4c/out/vs/workbench/api/node/extensionHostProcess.js:164:1513)
	at t (/home/hiroroshi/.vscode-server/bin/5c3e652f63e798a5ac2f31ffd0d863669328dc4c/out/vs/workbench/api/node/extensionHostProcess.js:177:9917)
	at a.value (/home/hiroroshi/.vscode-server/bin/5c3e652f63e798a5ac2f31ffd0d863669328dc4c/out/vs/workbench/api/node/extensionHostProcess.js:177:7964)
	at s.y (/home/hiroroshi/.vscode-server/bin/5c3e652f63e798a5ac2f31ffd0d863669328dc4c/out/vs/workbench/api/node/extensionHostProcess.js:82:659)
	at s.fire (/home/hiroroshi/.vscode-server/bin/5c3e652f63e798a5ac2f31ffd0d863669328dc4c/out/vs/workbench/api/node/extensionHostProcess.js:82:876)
	at r.fire (/home/hiroroshi/.vscode-server/bin/5c3e652f63e798a5ac2f31ffd0d863669328dc4c/out/vs/workbench/api/node/extensionHostProcess.js:107:14173)
	at d.z (/home/hiroroshi/.vscode-server/bin/5c3e652f63e798a5ac2f31ffd0d863669328dc4c/out/vs/workbench/api/node/extensionHostProcess.js:107:17238)
	at a.value (/home/hiroroshi/.vscode-server/bin/5c3e652f63e798a5ac2f31ffd0d863669328dc4c/out/vs/workbench/api/node/extensionHostProcess.js:107:15690)
	at s.y (/home/hiroroshi/.vscode-server/bin/5c3e652f63e798a5ac2f31ffd0d863669328dc4c/out/vs/workbench/api/node/extensionHostProcess.js:82:659)
	at s.fire (/home/hiroroshi/.vscode-server/bin/5c3e652f63e798a5ac2f31ffd0d863669328dc4c/out/vs/workbench/api/node/extensionHostProcess.js:82:876)
	at g.acceptChunk (/home/hiroroshi/.vscode-server/bin/5c3e652f63e798a5ac2f31ffd0d863669328dc4c/out/vs/workbench/api/node/extensionHostProcess.js:107:11947)
	at a.value (/home/hiroroshi/.vscode-server/bin/5c3e652f63e798a5ac2f31ffd0d863669328dc4c/out/vs/workbench/api/node/extensionHostProcess.js:107:11234)
	at s.y (/home/hiroroshi/.vscode-server/bin/5c3e652f63e798a5ac2f31ffd0d863669328dc4c/out/vs/workbench/api/node/extensionHostProcess.js:82:659)
	at s.fire (/home/hiroroshi/.vscode-server/bin/5c3e652f63e798a5ac2f31ffd0d863669328dc4c/out/vs/workbench/api/node/extensionHostProcess.js:82:876)
	at i.z (/home/hiroroshi/.vscode-server/bin/5c3e652f63e798a5ac2f31ffd0d863669328dc4c/out/vs/workbench/api/node/extensionHostProcess.js:174:19732)
	at i.acceptFrame (/home/hiroroshi/.vscode-server/bin/5c3e652f63e798a5ac2f31ffd0d863669328dc4c/out/vs/workbench/api/node/extensionHostProcess.js:174:19538)
	at n (/home/hiroroshi/.vscode-server/bin/5c3e652f63e798a5ac2f31ffd0d863669328dc4c/out/vs/workbench/api/node/extensionHostProcess.js:174:18037)
	at /home/hiroroshi/.vscode-server/bin/5c3e652f63e798a5ac2f31ffd0d863669328dc4c/out/vs/workbench/api/node/extensionHostProcess.js:174:15257
	at Socket.k (/home/hiroroshi/.vscode-server/bin/5c3e652f63e798a5ac2f31ffd0d863669328dc4c/out/vs/workbench/api/node/extensionHostProcess.js:174:13162)
	at Socket.emit (node:events:517:28)
	at addChunk (node:internal/streams/readable:335:12)
	at readableAddChunk (node:internal/streams/readable:308:9)
	at Readable.push (node:internal/streams/readable:245:10)
	at TCP.onStreamRead (node:internal/stream_base_commons:190:23) setContext undefined
2024-04-10 16:24:33.867 [error] Canceled: Canceled
	at new O (/home/hiroroshi/.vscode-server/bin/5c3e652f63e798a5ac2f31ffd0d863669328dc4c/out/vs/workbench/api/node/extensionHostProcess.js:144:46998)
	at h.U (/home/hiroroshi/.vscode-server/bin/5c3e652f63e798a5ac2f31ffd0d863669328dc4c/out/vs/workbench/api/node/extensionHostProcess.js:151:5539)
	at F.<computed>.T.charCodeAt.F.<computed> (/home/hiroroshi/.vscode-server/bin/5c3e652f63e798a5ac2f31ffd0d863669328dc4c/out/vs/workbench/api/node/extensionHostProcess.js:151:2993)
	at d.g (/home/hiroroshi/.vscode-server/bin/5c3e652f63e798a5ac2f31ffd0d863669328dc4c/out/vs/workbench/api/node/extensionHostProcess.js:154:186335)
	at d.executeCommand (/home/hiroroshi/.vscode-server/bin/5c3e652f63e798a5ac2f31ffd0d863669328dc4c/out/vs/workbench/api/node/extensionHostProcess.js:154:185773)
	at E.registerCommand.description (/home/hiroroshi/.vscode-server/bin/5c3e652f63e798a5ac2f31ffd0d863669328dc4c/out/vs/workbench/api/node/extensionHostProcess.js:154:185097)
	at d.h (/home/hiroroshi/.vscode-server/bin/5c3e652f63e798a5ac2f31ffd0d863669328dc4c/out/vs/workbench/api/node/extensionHostProcess.js:154:186874)
	at d.g (/home/hiroroshi/.vscode-server/bin/5c3e652f63e798a5ac2f31ffd0d863669328dc4c/out/vs/workbench/api/node/extensionHostProcess.js:154:185866)
	at d.executeCommand (/home/hiroroshi/.vscode-server/bin/5c3e652f63e798a5ac2f31ffd0d863669328dc4c/out/vs/workbench/api/node/extensionHostProcess.js:154:185773)
	at Object.executeCommand (/home/hiroroshi/.vscode-server/bin/5c3e652f63e798a5ac2f31ffd0d863669328dc4c/out/vs/workbench/api/node/extensionHostProcess.js:164:22984)
	at set hasGitHubRepositories [as hasGitHubRepositories] (/home/hiroroshi/.vscode-server/bin/5c3e652f63e798a5ac2f31ffd0d863669328dc4c/extensions/github/dist/extension.js:2:324866)
	at /home/hiroroshi/.vscode-server/bin/5c3e652f63e798a5ac2f31ffd0d863669328dc4c/extensions/github/dist/extension.js:2:325825
	at a.value (/home/hiroroshi/.vscode-server/bin/5c3e652f63e798a5ac2f31ffd0d863669328dc4c/extensions/git/dist/main.js:2:1051703)
	at s.y (/home/hiroroshi/.vscode-server/bin/5c3e652f63e798a5ac2f31ffd0d863669328dc4c/out/vs/workbench/api/node/extensionHostProcess.js:82:659)
	at s.z (/home/hiroroshi/.vscode-server/bin/5c3e652f63e798a5ac2f31ffd0d863669328dc4c/out/vs/workbench/api/node/extensionHostProcess.js:82:729)
	at s.fire (/home/hiroroshi/.vscode-server/bin/5c3e652f63e798a5ac2f31ffd0d863669328dc4c/out/vs/workbench/api/node/extensionHostProcess.js:82:945)
	at Object.m [as dispose] (/home/hiroroshi/.vscode-server/bin/5c3e652f63e798a5ac2f31ffd0d863669328dc4c/extensions/git/dist/main.js:2:964886)
	at /home/hiroroshi/.vscode-server/bin/5c3e652f63e798a5ac2f31ffd0d863669328dc4c/extensions/git/dist/main.js:2:970920
	at Array.forEach (<anonymous>)
	at f.dispose (/home/hiroroshi/.vscode-server/bin/5c3e652f63e798a5ac2f31ffd0d863669328dc4c/extensions/git/dist/main.js:2:970906)
	at o.<anonymous> (/home/hiroroshi/.vscode-server/bin/5c3e652f63e798a5ac2f31ffd0d863669328dc4c/out/vs/workbench/api/node/extensionHostProcess.js:152:3830)
	at o.dispose (/home/hiroroshi/.vscode-server/bin/5c3e652f63e798a5ac2f31ffd0d863669328dc4c/out/vs/workbench/api/node/extensionHostProcess.js:152:3927)
	at o.<anonymous> (/home/hiroroshi/.vscode-server/bin/5c3e652f63e798a5ac2f31ffd0d863669328dc4c/extensions/git/dist/main.js:2:948059)
	at o.dispose (/home/hiroroshi/.vscode-server/bin/5c3e652f63e798a5ac2f31ffd0d863669328dc4c/out/vs/workbench/api/node/extensionHostProcess.js:152:3927)
	at a (/home/hiroroshi/.vscode-server/bin/5c3e652f63e798a5ac2f31ffd0d863669328dc4c/out/vs/workbench/api/node/extensionHostProcess.js:30:714)
	at g.eb (/home/hiroroshi/.vscode-server/bin/5c3e652f63e798a5ac2f31ffd0d863669328dc4c/out/vs/workbench/api/node/extensionHostProcess.js:160:9967)
	at /home/hiroroshi/.vscode-server/bin/5c3e652f63e798a5ac2f31ffd0d863669328dc4c/out/vs/workbench/api/node/extensionHostProcess.js:160:7816
	at Array.map (<anonymous>)
	at g.$ (/home/hiroroshi/.vscode-server/bin/5c3e652f63e798a5ac2f31ffd0d863669328dc4c/out/vs/workbench/api/node/extensionHostProcess.js:160:7803)
	at g.terminate (/home/hiroroshi/.vscode-server/bin/5c3e652f63e798a5ac2f31ffd0d863669328dc4c/out/vs/workbench/api/node/extensionHostProcess.js:160:8077)
	at a.terminate (/home/hiroroshi/.vscode-server/bin/5c3e652f63e798a5ac2f31ffd0d863669328dc4c/out/vs/workbench/api/node/extensionHostProcess.js:164:1513)
	at t (/home/hiroroshi/.vscode-server/bin/5c3e652f63e798a5ac2f31ffd0d863669328dc4c/out/vs/workbench/api/node/extensionHostProcess.js:177:9917)
	at a.value (/home/hiroroshi/.vscode-server/bin/5c3e652f63e798a5ac2f31ffd0d863669328dc4c/out/vs/workbench/api/node/extensionHostProcess.js:177:7964)
	at s.y (/home/hiroroshi/.vscode-server/bin/5c3e652f63e798a5ac2f31ffd0d863669328dc4c/out/vs/workbench/api/node/extensionHostProcess.js:82:659)
	at s.fire (/home/hiroroshi/.vscode-server/bin/5c3e652f63e798a5ac2f31ffd0d863669328dc4c/out/vs/workbench/api/node/extensionHostProcess.js:82:876)
	at r.fire (/home/hiroroshi/.vscode-server/bin/5c3e652f63e798a5ac2f31ffd0d863669328dc4c/out/vs/workbench/api/node/extensionHostProcess.js:107:14173)
	at d.z (/home/hiroroshi/.vscode-server/bin/5c3e652f63e798a5ac2f31ffd0d863669328dc4c/out/vs/workbench/api/node/extensionHostProcess.js:107:17238)
	at a.value (/home/hiroroshi/.vscode-server/bin/5c3e652f63e798a5ac2f31ffd0d863669328dc4c/out/vs/workbench/api/node/extensionHostProcess.js:107:15690)
	at s.y (/home/hiroroshi/.vscode-server/bin/5c3e652f63e798a5ac2f31ffd0d863669328dc4c/out/vs/workbench/api/node/extensionHostProcess.js:82:659)
	at s.fire (/home/hiroroshi/.vscode-server/bin/5c3e652f63e798a5ac2f31ffd0d863669328dc4c/out/vs/workbench/api/node/extensionHostProcess.js:82:876)
	at g.acceptChunk (/home/hiroroshi/.vscode-server/bin/5c3e652f63e798a5ac2f31ffd0d863669328dc4c/out/vs/workbench/api/node/extensionHostProcess.js:107:11947)
	at a.value (/home/hiroroshi/.vscode-server/bin/5c3e652f63e798a5ac2f31ffd0d863669328dc4c/out/vs/workbench/api/node/extensionHostProcess.js:107:11234)
	at s.y (/home/hiroroshi/.vscode-server/bin/5c3e652f63e798a5ac2f31ffd0d863669328dc4c/out/vs/workbench/api/node/extensionHostProcess.js:82:659)
	at s.fire (/home/hiroroshi/.vscode-server/bin/5c3e652f63e798a5ac2f31ffd0d863669328dc4c/out/vs/workbench/api/node/extensionHostProcess.js:82:876)
	at i.z (/home/hiroroshi/.vscode-server/bin/5c3e652f63e798a5ac2f31ffd0d863669328dc4c/out/vs/workbench/api/node/extensionHostProcess.js:174:19732)
	at i.acceptFrame (/home/hiroroshi/.vscode-server/bin/5c3e652f63e798a5ac2f31ffd0d863669328dc4c/out/vs/workbench/api/node/extensionHostProcess.js:174:19538)
	at n (/home/hiroroshi/.vscode-server/bin/5c3e652f63e798a5ac2f31ffd0d863669328dc4c/out/vs/workbench/api/node/extensionHostProcess.js:174:18037)
	at /home/hiroroshi/.vscode-server/bin/5c3e652f63e798a5ac2f31ffd0d863669328dc4c/out/vs/workbench/api/node/extensionHostProcess.js:174:15257
	at Socket.k (/home/hiroroshi/.vscode-server/bin/5c3e652f63e798a5ac2f31ffd0d863669328dc4c/out/vs/workbench/api/node/extensionHostProcess.js:174:13162)
	at Socket.emit (node:events:517:28)
	at addChunk (node:internal/streams/readable:335:12)
	at readableAddChunk (node:internal/streams/readable:308:9)
	at Readable.push (node:internal/streams/readable:245:10)
	at TCP.onStreamRead (node:internal/stream_base_commons:190:23) setContext undefined
2024-04-10 16:24:33.867 [error] Canceled: Canceled
	at new O (/home/hiroroshi/.vscode-server/bin/5c3e652f63e798a5ac2f31ffd0d863669328dc4c/out/vs/workbench/api/node/extensionHostProcess.js:144:46998)
	at h.U (/home/hiroroshi/.vscode-server/bin/5c3e652f63e798a5ac2f31ffd0d863669328dc4c/out/vs/workbench/api/node/extensionHostProcess.js:151:5539)
	at F.<computed>.T.charCodeAt.F.<computed> (/home/hiroroshi/.vscode-server/bin/5c3e652f63e798a5ac2f31ffd0d863669328dc4c/out/vs/workbench/api/node/extensionHostProcess.js:151:2993)
	at d.g (/home/hiroroshi/.vscode-server/bin/5c3e652f63e798a5ac2f31ffd0d863669328dc4c/out/vs/workbench/api/node/extensionHostProcess.js:154:186335)
	at d.executeCommand (/home/hiroroshi/.vscode-server/bin/5c3e652f63e798a5ac2f31ffd0d863669328dc4c/out/vs/workbench/api/node/extensionHostProcess.js:154:185773)
	at E.registerCommand.description (/home/hiroroshi/.vscode-server/bin/5c3e652f63e798a5ac2f31ffd0d863669328dc4c/out/vs/workbench/api/node/extensionHostProcess.js:154:185097)
	at d.h (/home/hiroroshi/.vscode-server/bin/5c3e652f63e798a5ac2f31ffd0d863669328dc4c/out/vs/workbench/api/node/extensionHostProcess.js:154:186874)
	at d.g (/home/hiroroshi/.vscode-server/bin/5c3e652f63e798a5ac2f31ffd0d863669328dc4c/out/vs/workbench/api/node/extensionHostProcess.js:154:185866)
	at d.executeCommand (/home/hiroroshi/.vscode-server/bin/5c3e652f63e798a5ac2f31ffd0d863669328dc4c/out/vs/workbench/api/node/extensionHostProcess.js:154:185773)
	at Object.executeCommand (/home/hiroroshi/.vscode-server/bin/5c3e652f63e798a5ac2f31ffd0d863669328dc4c/out/vs/workbench/api/node/extensionHostProcess.js:164:22984)
	at w (/home/hiroroshi/.vscode-server/extensions/eamodio.gitlens-14.9.0/dist/gitlens.js:1081:41198)
	at h (/home/hiroroshi/.vscode-server/extensions/eamodio.gitlens-14.9.0/dist/gitlens.js:1081:46237)
	at ActionRunners._updateContextKeys (/home/hiroroshi/.vscode-server/extensions/eamodio.gitlens-14.9.0/dist/gitlens.js:663:18411)
	at s (/home/hiroroshi/.vscode-server/extensions/eamodio.gitlens-14.9.0/dist/gitlens.js:663:16855)
	at RegisteredActionRunner.unregister (/home/hiroroshi/.vscode-server/extensions/eamodio.gitlens-14.9.0/dist/gitlens.js:663:16998)
	at RegisteredActionRunner.dispose (/home/hiroroshi/.vscode-server/extensions/eamodio.gitlens-14.9.0/dist/gitlens.js:663:15651)
	at ActionRunners.dispose (/home/hiroroshi/.vscode-server/extensions/eamodio.gitlens-14.9.0/dist/gitlens.js:663:16438)
	at /home/hiroroshi/.vscode-server/extensions/eamodio.gitlens-14.9.0/dist/gitlens.js:1041:19519
	at Array.forEach (<anonymous>)
	at Object.dispose (/home/hiroroshi/.vscode-server/extensions/eamodio.gitlens-14.9.0/dist/gitlens.js:1041:19501)
	at a (/home/hiroroshi/.vscode-server/bin/5c3e652f63e798a5ac2f31ffd0d863669328dc4c/out/vs/workbench/api/node/extensionHostProcess.js:30:714)
	at g.eb (/home/hiroroshi/.vscode-server/bin/5c3e652f63e798a5ac2f31ffd0d863669328dc4c/out/vs/workbench/api/node/extensionHostProcess.js:160:9967)
	at /home/hiroroshi/.vscode-server/bin/5c3e652f63e798a5ac2f31ffd0d863669328dc4c/out/vs/workbench/api/node/extensionHostProcess.js:160:7816
	at Array.map (<anonymous>)
	at g.$ (/home/hiroroshi/.vscode-server/bin/5c3e652f63e798a5ac2f31ffd0d863669328dc4c/out/vs/workbench/api/node/extensionHostProcess.js:160:7803)
	at g.terminate (/home/hiroroshi/.vscode-server/bin/5c3e652f63e798a5ac2f31ffd0d863669328dc4c/out/vs/workbench/api/node/extensionHostProcess.js:160:8077)
	at a.terminate (/home/hiroroshi/.vscode-server/bin/5c3e652f63e798a5ac2f31ffd0d863669328dc4c/out/vs/workbench/api/node/extensionHostProcess.js:164:1513)
	at t (/home/hiroroshi/.vscode-server/bin/5c3e652f63e798a5ac2f31ffd0d863669328dc4c/out/vs/workbench/api/node/extensionHostProcess.js:177:9917)
	at a.value (/home/hiroroshi/.vscode-server/bin/5c3e652f63e798a5ac2f31ffd0d863669328dc4c/out/vs/workbench/api/node/extensionHostProcess.js:177:7964)
	at s.y (/home/hiroroshi/.vscode-server/bin/5c3e652f63e798a5ac2f31ffd0d863669328dc4c/out/vs/workbench/api/node/extensionHostProcess.js:82:659)
	at s.fire (/home/hiroroshi/.vscode-server/bin/5c3e652f63e798a5ac2f31ffd0d863669328dc4c/out/vs/workbench/api/node/extensionHostProcess.js:82:876)
	at r.fire (/home/hiroroshi/.vscode-server/bin/5c3e652f63e798a5ac2f31ffd0d863669328dc4c/out/vs/workbench/api/node/extensionHostProcess.js:107:14173)
	at d.z (/home/hiroroshi/.vscode-server/bin/5c3e652f63e798a5ac2f31ffd0d863669328dc4c/out/vs/workbench/api/node/extensionHostProcess.js:107:17238)
	at a.value (/home/hiroroshi/.vscode-server/bin/5c3e652f63e798a5ac2f31ffd0d863669328dc4c/out/vs/workbench/api/node/extensionHostProcess.js:107:15690)
	at s.y (/home/hiroroshi/.vscode-server/bin/5c3e652f63e798a5ac2f31ffd0d863669328dc4c/out/vs/workbench/api/node/extensionHostProcess.js:82:659)
	at s.fire (/home/hiroroshi/.vscode-server/bin/5c3e652f63e798a5ac2f31ffd0d863669328dc4c/out/vs/workbench/api/node/extensionHostProcess.js:82:876)
	at g.acceptChunk (/home/hiroroshi/.vscode-server/bin/5c3e652f63e798a5ac2f31ffd0d863669328dc4c/out/vs/workbench/api/node/extensionHostProcess.js:107:11947)
	at a.value (/home/hiroroshi/.vscode-server/bin/5c3e652f63e798a5ac2f31ffd0d863669328dc4c/out/vs/workbench/api/node/extensionHostProcess.js:107:11234)
	at s.y (/home/hiroroshi/.vscode-server/bin/5c3e652f63e798a5ac2f31ffd0d863669328dc4c/out/vs/workbench/api/node/extensionHostProcess.js:82:659)
	at s.fire (/home/hiroroshi/.vscode-server/bin/5c3e652f63e798a5ac2f31ffd0d863669328dc4c/out/vs/workbench/api/node/extensionHostProcess.js:82:876)
	at i.z (/home/hiroroshi/.vscode-server/bin/5c3e652f63e798a5ac2f31ffd0d863669328dc4c/out/vs/workbench/api/node/extensionHostProcess.js:174:19732)
	at i.acceptFrame (/home/hiroroshi/.vscode-server/bin/5c3e652f63e798a5ac2f31ffd0d863669328dc4c/out/vs/workbench/api/node/extensionHostProcess.js:174:19538)
	at n (/home/hiroroshi/.vscode-server/bin/5c3e652f63e798a5ac2f31ffd0d863669328dc4c/out/vs/workbench/api/node/extensionHostProcess.js:174:18037)
	at /home/hiroroshi/.vscode-server/bin/5c3e652f63e798a5ac2f31ffd0d863669328dc4c/out/vs/workbench/api/node/extensionHostProcess.js:174:15257
	at Socket.k (/home/hiroroshi/.vscode-server/bin/5c3e652f63e798a5ac2f31ffd0d863669328dc4c/out/vs/workbench/api/node/extensionHostProcess.js:174:13162)
	at Socket.emit (node:events:517:28)
	at addChunk (node:internal/streams/readable:335:12)
	at readableAddChunk (node:internal/streams/readable:308:9)
	at Readable.push (node:internal/streams/readable:245:10)
	at TCP.onStreamRead (node:internal/stream_base_commons:190:23) setContext undefined
2024-04-10 16:24:33.868 [error] Canceled: Canceled
	at new O (/home/hiroroshi/.vscode-server/bin/5c3e652f63e798a5ac2f31ffd0d863669328dc4c/out/vs/workbench/api/node/extensionHostProcess.js:144:46998)
	at h.U (/home/hiroroshi/.vscode-server/bin/5c3e652f63e798a5ac2f31ffd0d863669328dc4c/out/vs/workbench/api/node/extensionHostProcess.js:151:5539)
	at F.<computed>.T.charCodeAt.F.<computed> (/home/hiroroshi/.vscode-server/bin/5c3e652f63e798a5ac2f31ffd0d863669328dc4c/out/vs/workbench/api/node/extensionHostProcess.js:151:2993)
	at d.g (/home/hiroroshi/.vscode-server/bin/5c3e652f63e798a5ac2f31ffd0d863669328dc4c/out/vs/workbench/api/node/extensionHostProcess.js:154:186335)
	at d.executeCommand (/home/hiroroshi/.vscode-server/bin/5c3e652f63e798a5ac2f31ffd0d863669328dc4c/out/vs/workbench/api/node/extensionHostProcess.js:154:185773)
	at E.registerCommand.description (/home/hiroroshi/.vscode-server/bin/5c3e652f63e798a5ac2f31ffd0d863669328dc4c/out/vs/workbench/api/node/extensionHostProcess.js:154:185097)
	at d.h (/home/hiroroshi/.vscode-server/bin/5c3e652f63e798a5ac2f31ffd0d863669328dc4c/out/vs/workbench/api/node/extensionHostProcess.js:154:186874)
	at d.g (/home/hiroroshi/.vscode-server/bin/5c3e652f63e798a5ac2f31ffd0d863669328dc4c/out/vs/workbench/api/node/extensionHostProcess.js:154:185866)
	at d.executeCommand (/home/hiroroshi/.vscode-server/bin/5c3e652f63e798a5ac2f31ffd0d863669328dc4c/out/vs/workbench/api/node/extensionHostProcess.js:154:185773)
	at Object.executeCommand (/home/hiroroshi/.vscode-server/bin/5c3e652f63e798a5ac2f31ffd0d863669328dc4c/out/vs/workbench/api/node/extensionHostProcess.js:164:22984)
	at w (/home/hiroroshi/.vscode-server/extensions/eamodio.gitlens-14.9.0/dist/gitlens.js:1081:41198)
	at h (/home/hiroroshi/.vscode-server/extensions/eamodio.gitlens-14.9.0/dist/gitlens.js:1081:46237)
	at ActionRunners._updateContextKeys (/home/hiroroshi/.vscode-server/extensions/eamodio.gitlens-14.9.0/dist/gitlens.js:663:18411)
	at s (/home/hiroroshi/.vscode-server/extensions/eamodio.gitlens-14.9.0/dist/gitlens.js:663:16855)
	at RegisteredActionRunner.unregister (/home/hiroroshi/.vscode-server/extensions/eamodio.gitlens-14.9.0/dist/gitlens.js:663:16998)
	at RegisteredActionRunner.dispose (/home/hiroroshi/.vscode-server/extensions/eamodio.gitlens-14.9.0/dist/gitlens.js:663:15651)
	at ActionRunners.dispose (/home/hiroroshi/.vscode-server/extensions/eamodio.gitlens-14.9.0/dist/gitlens.js:663:16438)
	at /home/hiroroshi/.vscode-server/extensions/eamodio.gitlens-14.9.0/dist/gitlens.js:1041:19519
	at Array.forEach (<anonymous>)
	at Object.dispose (/home/hiroroshi/.vscode-server/extensions/eamodio.gitlens-14.9.0/dist/gitlens.js:1041:19501)
	at a (/home/hiroroshi/.vscode-server/bin/5c3e652f63e798a5ac2f31ffd0d863669328dc4c/out/vs/workbench/api/node/extensionHostProcess.js:30:714)
	at g.eb (/home/hiroroshi/.vscode-server/bin/5c3e652f63e798a5ac2f31ffd0d863669328dc4c/out/vs/workbench/api/node/extensionHostProcess.js:160:9967)
	at /home/hiroroshi/.vscode-server/bin/5c3e652f63e798a5ac2f31ffd0d863669328dc4c/out/vs/workbench/api/node/extensionHostProcess.js:160:7816
	at Array.map (<anonymous>)
	at g.$ (/home/hiroroshi/.vscode-server/bin/5c3e652f63e798a5ac2f31ffd0d863669328dc4c/out/vs/workbench/api/node/extensionHostProcess.js:160:7803)
	at g.terminate (/home/hiroroshi/.vscode-server/bin/5c3e652f63e798a5ac2f31ffd0d863669328dc4c/out/vs/workbench/api/node/extensionHostProcess.js:160:8077)
	at a.terminate (/home/hiroroshi/.vscode-server/bin/5c3e652f63e798a5ac2f31ffd0d863669328dc4c/out/vs/workbench/api/node/extensionHostProcess.js:164:1513)
	at t (/home/hiroroshi/.vscode-server/bin/5c3e652f63e798a5ac2f31ffd0d863669328dc4c/out/vs/workbench/api/node/extensionHostProcess.js:177:9917)
	at a.value (/home/hiroroshi/.vscode-server/bin/5c3e652f63e798a5ac2f31ffd0d863669328dc4c/out/vs/workbench/api/node/extensionHostProcess.js:177:7964)
	at s.y (/home/hiroroshi/.vscode-server/bin/5c3e652f63e798a5ac2f31ffd0d863669328dc4c/out/vs/workbench/api/node/extensionHostProcess.js:82:659)
	at s.fire (/home/hiroroshi/.vscode-server/bin/5c3e652f63e798a5ac2f31ffd0d863669328dc4c/out/vs/workbench/api/node/extensionHostProcess.js:82:876)
	at r.fire (/home/hiroroshi/.vscode-server/bin/5c3e652f63e798a5ac2f31ffd0d863669328dc4c/out/vs/workbench/api/node/extensionHostProcess.js:107:14173)
	at d.z (/home/hiroroshi/.vscode-server/bin/5c3e652f63e798a5ac2f31ffd0d863669328dc4c/out/vs/workbench/api/node/extensionHostProcess.js:107:17238)
	at a.value (/home/hiroroshi/.vscode-server/bin/5c3e652f63e798a5ac2f31ffd0d863669328dc4c/out/vs/workbench/api/node/extensionHostProcess.js:107:15690)
	at s.y (/home/hiroroshi/.vscode-server/bin/5c3e652f63e798a5ac2f31ffd0d863669328dc4c/out/vs/workbench/api/node/extensionHostProcess.js:82:659)
	at s.fire (/home/hiroroshi/.vscode-server/bin/5c3e652f63e798a5ac2f31ffd0d863669328dc4c/out/vs/workbench/api/node/extensionHostProcess.js:82:876)
	at g.acceptChunk (/home/hiroroshi/.vscode-server/bin/5c3e652f63e798a5ac2f31ffd0d863669328dc4c/out/vs/workbench/api/node/extensionHostProcess.js:107:11947)
	at a.value (/home/hiroroshi/.vscode-server/bin/5c3e652f63e798a5ac2f31ffd0d863669328dc4c/out/vs/workbench/api/node/extensionHostProcess.js:107:11234)
	at s.y (/home/hiroroshi/.vscode-server/bin/5c3e652f63e798a5ac2f31ffd0d863669328dc4c/out/vs/workbench/api/node/extensionHostProcess.js:82:659)
	at s.fire (/home/hiroroshi/.vscode-server/bin/5c3e652f63e798a5ac2f31ffd0d863669328dc4c/out/vs/workbench/api/node/extensionHostProcess.js:82:876)
	at i.z (/home/hiroroshi/.vscode-server/bin/5c3e652f63e798a5ac2f31ffd0d863669328dc4c/out/vs/workbench/api/node/extensionHostProcess.js:174:19732)
	at i.acceptFrame (/home/hiroroshi/.vscode-server/bin/5c3e652f63e798a5ac2f31ffd0d863669328dc4c/out/vs/workbench/api/node/extensionHostProcess.js:174:19538)
	at n (/home/hiroroshi/.vscode-server/bin/5c3e652f63e798a5ac2f31ffd0d863669328dc4c/out/vs/workbench/api/node/extensionHostProcess.js:174:18037)
	at /home/hiroroshi/.vscode-server/bin/5c3e652f63e798a5ac2f31ffd0d863669328dc4c/out/vs/workbench/api/node/extensionHostProcess.js:174:15257
	at Socket.k (/home/hiroroshi/.vscode-server/bin/5c3e652f63e798a5ac2f31ffd0d863669328dc4c/out/vs/workbench/api/node/extensionHostProcess.js:174:13162)
	at Socket.emit (node:events:517:28)
	at addChunk (node:internal/streams/readable:335:12)
	at readableAddChunk (node:internal/streams/readable:308:9)
	at Readable.push (node:internal/streams/readable:245:10)
	at TCP.onStreamRead (node:internal/stream_base_commons:190:23) setContext undefined
2024-04-10 16:24:33.869 [error] Canceled: Canceled
	at new O (/home/hiroroshi/.vscode-server/bin/5c3e652f63e798a5ac2f31ffd0d863669328dc4c/out/vs/workbench/api/node/extensionHostProcess.js:144:46998)
	at h.U (/home/hiroroshi/.vscode-server/bin/5c3e652f63e798a5ac2f31ffd0d863669328dc4c/out/vs/workbench/api/node/extensionHostProcess.js:151:5539)
	at F.<computed>.T.charCodeAt.F.<computed> (/home/hiroroshi/.vscode-server/bin/5c3e652f63e798a5ac2f31ffd0d863669328dc4c/out/vs/workbench/api/node/extensionHostProcess.js:151:2993)
	at d.g (/home/hiroroshi/.vscode-server/bin/5c3e652f63e798a5ac2f31ffd0d863669328dc4c/out/vs/workbench/api/node/extensionHostProcess.js:154:186335)
	at d.executeCommand (/home/hiroroshi/.vscode-server/bin/5c3e652f63e798a5ac2f31ffd0d863669328dc4c/out/vs/workbench/api/node/extensionHostProcess.js:154:185773)
	at E.registerCommand.description (/home/hiroroshi/.vscode-server/bin/5c3e652f63e798a5ac2f31ffd0d863669328dc4c/out/vs/workbench/api/node/extensionHostProcess.js:154:185097)
	at d.h (/home/hiroroshi/.vscode-server/bin/5c3e652f63e798a5ac2f31ffd0d863669328dc4c/out/vs/workbench/api/node/extensionHostProcess.js:154:186874)
	at d.g (/home/hiroroshi/.vscode-server/bin/5c3e652f63e798a5ac2f31ffd0d863669328dc4c/out/vs/workbench/api/node/extensionHostProcess.js:154:185866)
	at d.executeCommand (/home/hiroroshi/.vscode-server/bin/5c3e652f63e798a5ac2f31ffd0d863669328dc4c/out/vs/workbench/api/node/extensionHostProcess.js:154:185773)
	at Object.executeCommand (/home/hiroroshi/.vscode-server/bin/5c3e652f63e798a5ac2f31ffd0d863669328dc4c/out/vs/workbench/api/node/extensionHostProcess.js:164:22984)
	at w (/home/hiroroshi/.vscode-server/extensions/eamodio.gitlens-14.9.0/dist/gitlens.js:1081:41198)
	at h (/home/hiroroshi/.vscode-server/extensions/eamodio.gitlens-14.9.0/dist/gitlens.js:1081:46237)
	at ActionRunners._updateContextKeys (/home/hiroroshi/.vscode-server/extensions/eamodio.gitlens-14.9.0/dist/gitlens.js:663:18411)
	at s (/home/hiroroshi/.vscode-server/extensions/eamodio.gitlens-14.9.0/dist/gitlens.js:663:16855)
	at RegisteredActionRunner.unregister (/home/hiroroshi/.vscode-server/extensions/eamodio.gitlens-14.9.0/dist/gitlens.js:663:16998)
	at RegisteredActionRunner.dispose (/home/hiroroshi/.vscode-server/extensions/eamodio.gitlens-14.9.0/dist/gitlens.js:663:15651)
	at ActionRunners.dispose (/home/hiroroshi/.vscode-server/extensions/eamodio.gitlens-14.9.0/dist/gitlens.js:663:16438)
	at /home/hiroroshi/.vscode-server/extensions/eamodio.gitlens-14.9.0/dist/gitlens.js:1041:19519
	at Array.forEach (<anonymous>)
	at Object.dispose (/home/hiroroshi/.vscode-server/extensions/eamodio.gitlens-14.9.0/dist/gitlens.js:1041:19501)
	at a (/home/hiroroshi/.vscode-server/bin/5c3e652f63e798a5ac2f31ffd0d863669328dc4c/out/vs/workbench/api/node/extensionHostProcess.js:30:714)
	at g.eb (/home/hiroroshi/.vscode-server/bin/5c3e652f63e798a5ac2f31ffd0d863669328dc4c/out/vs/workbench/api/node/extensionHostProcess.js:160:9967)
	at /home/hiroroshi/.vscode-server/bin/5c3e652f63e798a5ac2f31ffd0d863669328dc4c/out/vs/workbench/api/node/extensionHostProcess.js:160:7816
	at Array.map (<anonymous>)
	at g.$ (/home/hiroroshi/.vscode-server/bin/5c3e652f63e798a5ac2f31ffd0d863669328dc4c/out/vs/workbench/api/node/extensionHostProcess.js:160:7803)
	at g.terminate (/home/hiroroshi/.vscode-server/bin/5c3e652f63e798a5ac2f31ffd0d863669328dc4c/out/vs/workbench/api/node/extensionHostProcess.js:160:8077)
	at a.terminate (/home/hiroroshi/.vscode-server/bin/5c3e652f63e798a5ac2f31ffd0d863669328dc4c/out/vs/workbench/api/node/extensionHostProcess.js:164:1513)
	at t (/home/hiroroshi/.vscode-server/bin/5c3e652f63e798a5ac2f31ffd0d863669328dc4c/out/vs/workbench/api/node/extensionHostProcess.js:177:9917)
	at a.value (/home/hiroroshi/.vscode-server/bin/5c3e652f63e798a5ac2f31ffd0d863669328dc4c/out/vs/workbench/api/node/extensionHostProcess.js:177:7964)
	at s.y (/home/hiroroshi/.vscode-server/bin/5c3e652f63e798a5ac2f31ffd0d863669328dc4c/out/vs/workbench/api/node/extensionHostProcess.js:82:659)
	at s.fire (/home/hiroroshi/.vscode-server/bin/5c3e652f63e798a5ac2f31ffd0d863669328dc4c/out/vs/workbench/api/node/extensionHostProcess.js:82:876)
	at r.fire (/home/hiroroshi/.vscode-server/bin/5c3e652f63e798a5ac2f31ffd0d863669328dc4c/out/vs/workbench/api/node/extensionHostProcess.js:107:14173)
	at d.z (/home/hiroroshi/.vscode-server/bin/5c3e652f63e798a5ac2f31ffd0d863669328dc4c/out/vs/workbench/api/node/extensionHostProcess.js:107:17238)
	at a.value (/home/hiroroshi/.vscode-server/bin/5c3e652f63e798a5ac2f31ffd0d863669328dc4c/out/vs/workbench/api/node/extensionHostProcess.js:107:15690)
	at s.y (/home/hiroroshi/.vscode-server/bin/5c3e652f63e798a5ac2f31ffd0d863669328dc4c/out/vs/workbench/api/node/extensionHostProcess.js:82:659)
	at s.fire (/home/hiroroshi/.vscode-server/bin/5c3e652f63e798a5ac2f31ffd0d863669328dc4c/out/vs/workbench/api/node/extensionHostProcess.js:82:876)
	at g.acceptChunk (/home/hiroroshi/.vscode-server/bin/5c3e652f63e798a5ac2f31ffd0d863669328dc4c/out/vs/workbench/api/node/extensionHostProcess.js:107:11947)
	at a.value (/home/hiroroshi/.vscode-server/bin/5c3e652f63e798a5ac2f31ffd0d863669328dc4c/out/vs/workbench/api/node/extensionHostProcess.js:107:11234)
	at s.y (/home/hiroroshi/.vscode-server/bin/5c3e652f63e798a5ac2f31ffd0d863669328dc4c/out/vs/workbench/api/node/extensionHostProcess.js:82:659)
	at s.fire (/home/hiroroshi/.vscode-server/bin/5c3e652f63e798a5ac2f31ffd0d863669328dc4c/out/vs/workbench/api/node/extensionHostProcess.js:82:876)
	at i.z (/home/hiroroshi/.vscode-server/bin/5c3e652f63e798a5ac2f31ffd0d863669328dc4c/out/vs/workbench/api/node/extensionHostProcess.js:174:19732)
	at i.acceptFrame (/home/hiroroshi/.vscode-server/bin/5c3e652f63e798a5ac2f31ffd0d863669328dc4c/out/vs/workbench/api/node/extensionHostProcess.js:174:19538)
	at n (/home/hiroroshi/.vscode-server/bin/5c3e652f63e798a5ac2f31ffd0d863669328dc4c/out/vs/workbench/api/node/extensionHostProcess.js:174:18037)
	at /home/hiroroshi/.vscode-server/bin/5c3e652f63e798a5ac2f31ffd0d863669328dc4c/out/vs/workbench/api/node/extensionHostProcess.js:174:15257
	at Socket.k (/home/hiroroshi/.vscode-server/bin/5c3e652f63e798a5ac2f31ffd0d863669328dc4c/out/vs/workbench/api/node/extensionHostProcess.js:174:13162)
	at Socket.emit (node:events:517:28)
	at addChunk (node:internal/streams/readable:335:12)
	at readableAddChunk (node:internal/streams/readable:308:9)
	at Readable.push (node:internal/streams/readable:245:10)
	at TCP.onStreamRead (node:internal/stream_base_commons:190:23) setContext undefined
2024-04-10 16:24:33.869 [info] Extension host with pid 16477 exiting with code 0
