2024-04-04 18:53:01.270 [info] Log level: Info
2024-04-04 18:53:01.270 [info] Validating found git in: "git"
2024-04-04 18:53:01.270 [info] Using git "2.34.1" from "git"
2024-04-04 18:53:01.270 [info] > git rev-parse --show-toplevel [18ms]
2024-04-04 18:53:01.270 [info] fatal: not a git repository (or any of the parent directories): .git
2024-04-04 18:53:01.270 [info] > git rev-parse --show-toplevel [18ms]
2024-04-04 18:53:01.270 [info] fatal: not a git repository (or any of the parent directories): .git
2024-04-04 18:53:01.270 [info] > git rev-parse --show-toplevel [181ms]
2024-04-04 18:53:01.270 [info] fatal: not a git repository (or any of the parent directories): .git
2024-04-04 18:53:01.289 [info] > git rev-parse --show-toplevel [12ms]
2024-04-04 18:53:01.289 [info] fatal: not a git repository (or any of the parent directories): .git
2024-04-04 18:53:01.310 [info] > git rev-parse --show-toplevel [4ms]
2024-04-04 18:53:01.310 [info] fatal: not a git repository (or any of the parent directories): .git
2024-04-04 18:53:12.098 [info] > git rev-parse --show-toplevel [1ms]
2024-04-04 18:53:12.099 [info] fatal: not a git repository (or any of the parent directories): .git
2024-04-04 18:53:50.778 [info] > git rev-parse --show-toplevel [2ms]
2024-04-04 18:53:50.778 [info] fatal: not a git repository (or any of the parent directories): .git
2024-04-04 18:54:33.383 [info] > git rev-parse --show-toplevel [1ms]
2024-04-04 18:54:33.383 [info] fatal: not a git repository (or any of the parent directories): .git
2024-04-04 18:54:33.619 [info] > git rev-parse --show-toplevel [2ms]
2024-04-04 18:54:33.619 [info] fatal: not a git repository (or any of the parent directories): .git
2024-04-04 18:55:45.855 [info] > git rev-parse --show-toplevel [3ms]
2024-04-04 18:55:45.855 [info] fatal: not a git repository (or any of the parent directories): .git
2024-04-04 18:56:02.220 [info] > git rev-parse --show-toplevel [3ms]
2024-04-04 18:56:02.220 [info] fatal: not a git repository (or any of the parent directories): .git
2024-04-04 18:59:06.713 [info] > git rev-parse --show-toplevel [1ms]
2024-04-04 18:59:06.713 [info] fatal: not a git repository (or any of the parent directories): .git
2024-04-04 18:59:36.514 [info] > git rev-parse --show-toplevel [15ms]
2024-04-04 18:59:36.514 [info] fatal: not a git repository (or any of the parent directories): .git
2024-04-04 19:00:25.193 [info] > git rev-parse --show-toplevel [10ms]
2024-04-04 19:00:25.193 [info] fatal: not a git repository (or any of the parent directories): .git
2024-04-04 19:01:19.251 [info] > git rev-parse --show-toplevel [11ms]
2024-04-04 19:01:19.252 [info] fatal: not a git repository (or any of the parent directories): .git
2024-04-04 19:01:19.276 [info] > git rev-parse --show-toplevel [1ms]
2024-04-04 19:01:19.276 [info] fatal: not a git repository (or any of the parent directories): .git
2024-04-04 19:03:27.582 [info] > git rev-parse --show-toplevel [2ms]
2024-04-04 19:03:27.582 [info] fatal: not a git repository (or any of the parent directories): .git
2024-04-04 19:03:54.664 [info] > git rev-parse --show-toplevel [3ms]
2024-04-04 19:03:54.665 [info] fatal: not a git repository (or any of the parent directories): .git
2024-04-04 19:10:04.375 [info] > git rev-parse --show-toplevel [1ms]
2024-04-04 19:10:04.375 [info] fatal: not a git repository (or any of the parent directories): .git
