2024-04-04 19:14:42.800 [info] Log level: Info
2024-04-04 19:14:42.800 [info] Validating found git in: "git"
2024-04-04 19:14:42.800 [info] Using git "2.34.1" from "git"
2024-04-04 19:14:42.800 [info] > git rev-parse --show-toplevel [702ms]
2024-04-04 19:14:42.800 [info] fatal: not a git repository (or any of the parent directories): .git
2024-04-04 19:14:42.800 [info] > git rev-parse --show-toplevel [864ms]
2024-04-04 19:14:42.801 [info] fatal: not a git repository (or any of the parent directories): .git
2024-04-04 19:14:42.801 [info] > git rev-parse --show-toplevel [55ms]
2024-04-04 19:14:42.801 [info] fatal: not a git repository (or any of the parent directories): .git
2024-04-04 19:14:42.833 [info] > git rev-parse --show-toplevel [5ms]
2024-04-04 19:14:42.833 [info] fatal: not a git repository (or any of the parent directories): .git
2024-04-04 19:14:42.852 [info] > git rev-parse --show-toplevel [11ms]
2024-04-04 19:14:42.852 [info] fatal: not a git repository (or any of the parent directories): .git
2024-04-04 19:18:19.629 [info] > git rev-parse --show-toplevel [22ms]
2024-04-04 19:18:19.630 [info] fatal: not a git repository (or any of the parent directories): .git
2024-04-04 19:22:25.206 [info] > git rev-parse --show-toplevel [4ms]
2024-04-04 19:22:25.206 [info] fatal: not a git repository (or any of the parent directories): .git
2024-04-04 19:26:48.212 [info] > git rev-parse --show-toplevel [2ms]
2024-04-04 19:26:48.212 [info] fatal: not a git repository (or any of the parent directories): .git
2024-04-04 19:27:05.259 [info] > git rev-parse --show-toplevel [59ms]
2024-04-04 19:27:05.259 [info] fatal: not a git repository (or any of the parent directories): .git
2024-04-04 19:28:21.889 [info] > git rev-parse --show-toplevel [8ms]
2024-04-04 19:28:21.890 [info] fatal: not a git repository (or any of the parent directories): .git
2024-04-04 19:28:34.472 [info] > git rev-parse --show-toplevel [5ms]
2024-04-04 19:28:34.472 [info] fatal: not a git repository (or any of the parent directories): .git
2024-04-04 19:28:42.406 [info] > git rev-parse --show-toplevel [4ms]
2024-04-04 19:28:42.406 [info] fatal: not a git repository (or any of the parent directories): .git
2024-04-04 19:29:36.814 [info] > git rev-parse --show-toplevel [1ms]
2024-04-04 19:29:36.814 [info] fatal: not a git repository (or any of the parent directories): .git
