Initializing document watcher...
hiroroshi/.editorconfig: {"insertSpaces":true,"tabSize":4}
hiroroshi/.editorconfig: {"insertSpaces":true,"tabSize":4}
No more open editors.
No more open editors.
No more open editors.
No more open editors.
undefined: {}
c:/Users/wagat/AppData/Roaming/Code/User/settings.json: {}
c:/Users/wagat/AppData/Roaming/Code/User/settings.json: {}
undefined: {}
undefined: {}
c:/Users/wagat/AppData/Roaming/Code/User/settings.json: {}
undefined: {}
c:/Users/wagat/AppData/Roaming/Code/User/settings.json: {}
c:/Users/wagat/AppData/Roaming/Code/User/settings.json: {}
No more open editors.
No more open editors.
No more open editors.
No more open editors.
No more open editors.
No more open editors.
No more open editors.
No more open editors.
hiroroshi/.editorconfig: {"insertSpaces":true,"tabSize":4}
c:/Users/wagat/AppData/Roaming/Code/User/settings.json: {}
c:/Users/wagat/AppData/Roaming/Code/User/settings.json: {}
undefined: {}
undefined: {}
c:/Users/wagat/AppData/Roaming/Code/User/settings.json: {}
hiroroshi/.editorconfig: {"insertSpaces":true,"tabSize":4}
c:/Users/wagat/AppData/Roaming/Code/User/settings.json: {}
c:/Users/wagat/AppData/Roaming/Code/User/settings.json: {}
c:/Users/wagat/AppData/Roaming/Code/User/settings.json: {}
c:/Users/wagat/AppData/Roaming/Code/User/settings.json: {}
c:/Users/wagat/AppData/Roaming/Code/User/settings.json: {}
c:/Users/wagat/AppData/Roaming/Code/User/settings.json: {}
c:/Users/wagat/AppData/Roaming/Code/User/settings.json: {}
c:/Users/wagat/AppData/Roaming/Code/User/settings.json: {}
c:/Users/wagat/AppData/Roaming/Code/User/settings.json: {}
c:/Users/wagat/AppData/Roaming/Code/User/settings.json: {}
c:/Users/wagat/AppData/Roaming/Code/User/settings.json: {}
c:/Users/wagat/AppData/Roaming/Code/User/settings.json: {}
c:/Users/wagat/AppData/Roaming/Code/User/settings.json: Using EditorConfig core...
No more open editors.
c:/Users/wagat/AppData/Roaming/Code/User/settings.json: {}
c:/Users/wagat/AppData/Roaming/Code/User/settings.json: {}
c:/Users/wagat/AppData/Roaming/Code/User/settings.json: Using EditorConfig core...
No more open editors.
