Initializing document watcher...
hiroroshi/.vscode-server/extensions/orsenkucher.vscode-graphql-0.3.18/out/CustomInitializationFailedHandler.js: {"insertSpaces":true,"tabSize":4}
No more open editors.
No more open editors.
No more open editors.
No more open editors.
No more open editors.
hiroroshi/.editorconfig: {"insertSpaces":true,"tabSize":4}
c:/Users/wagat/AppData/Roaming/Code/User/settings.json: {}
c:/Users/wagat/AppData/Roaming/Code/User/settings.json: {}
c:/Users/wagat/AppData/Roaming/Code/User/settings.json: {}
c:/Users/wagat/AppData/Roaming/Code/User/settings.json: {}
c:/Users/wagat/AppData/Roaming/Code/User/settings.json: {}
c:/Users/wagat/AppData/Roaming/Code/User/settings.json: {}
c:/Users/wagat/AppData/Roaming/Code/User/settings.json: {}
c:/Users/wagat/AppData/Roaming/Code/User/settings.json: Using EditorConfig core...
hiroroshi/.vscode-server/extensions/eamodio.gitlens-14.9.0/dist/webviews/settings.js: {"insertSpaces":true,"tabSize":4}
hiroroshi/.vscode-server/extensions/eamodio.gitlens-14.9.0/dist/webviews/settings.js: {"insertSpaces":true,"tabSize":4}
c:/Users/wagat/AppData/Roaming/Code/User/settings.json: Using EditorConfig core...
c:/Users/wagat/AppData/Roaming/Code/User/settings.json: Using EditorConfig core...
hiroroshi/.vscode-server/extensions/eamodio.gitlens-14.9.0/dist/webviews/settings.js: {"insertSpaces":true,"tabSize":4}
c:/Users/wagat/AppData/Roaming/Code/User/settings.json: Using EditorConfig core...
No more open editors.
