[Info  - 7:18:19 PM] ESLint server is starting.
[Info  - 7:18:19 PM] ESLint server running in node v18.18.2
[Info  - 7:18:19 PM] ESLint server is running.
[Warn  - 7:18:20 PM] Detected package manager() differs from the one in the deprecated packageManager setting(npm). We will honor this setting until it is removed.
[object Object]
[Info  - 7:18:20 PM] 
Failed to load the ESLint library for the document /home/hiroroshi/.vscode-server/extensions/orsenkucher.vscode-graphql-0.3.18/out/CustomInitializationFailedHandler.js

To use ESLint please install eslint by running npm install eslint in the workspace folder hiroroshi
or globally using 'npm install -g eslint'. You need to reopen the workspace after installing eslint.

If you are using yarn or pnpm instead of npm set the setting `eslint.packageManager` to either `yarn` or `pnpm`
Alternatively you can disable ESLint for the workspace folder hiroroshi by executing the 'Disable ESLint' command.
[Warn  - 7:18:22 PM] Detected package manager() differs from the one in the deprecated packageManager setting(npm). We will honor this setting until it is removed.
[object Object]
[Info  - 7:18:22 PM] 
Failed to load the ESLint library for the document /home/hiroroshi/.vscode-server/extensions/orsenkucher.vscode-graphql-0.3.18/out/CustomInitializationFailedHandler.js

To use ESLint please install eslint by running npm install eslint in the workspace folder hiroroshi
or globally using 'npm install -g eslint'. You need to reopen the workspace after installing eslint.

If you are using yarn or pnpm instead of npm set the setting `eslint.packageManager` to either `yarn` or `pnpm`
Alternatively you can disable ESLint for the workspace folder hiroroshi by executing the 'Disable ESLint' command.
[Warn  - 7:27:05 PM] Detected package manager() differs from the one in the deprecated packageManager setting(npm). We will honor this setting until it is removed.
[object Object]
[Info  - 7:27:05 PM] 
Failed to load the ESLint library for the document /home/hiroroshi/.vscode-server/extensions/eamodio.gitlens-14.9.0/dist/webviews/settings.js

To use ESLint please install eslint by running npm install eslint in the workspace folder hiroroshi
or globally using 'npm install -g eslint'. You need to reopen the workspace after installing eslint.

If you are using yarn or pnpm instead of npm set the setting `eslint.packageManager` to either `yarn` or `pnpm`
Alternatively you can disable ESLint for the workspace folder hiroroshi by executing the 'Disable ESLint' command.
[Warn  - 7:28:21 PM] Detected package manager() differs from the one in the deprecated packageManager setting(npm). We will honor this setting until it is removed.
[object Object]
[Info  - 7:28:21 PM] 
Failed to load the ESLint library for the document /home/hiroroshi/.vscode-server/extensions/eamodio.gitlens-14.9.0/dist/webviews/settings.js

To use ESLint please install eslint by running npm install eslint in the workspace folder hiroroshi
or globally using 'npm install -g eslint'. You need to reopen the workspace after installing eslint.

If you are using yarn or pnpm instead of npm set the setting `eslint.packageManager` to either `yarn` or `pnpm`
Alternatively you can disable ESLint for the workspace folder hiroroshi by executing the 'Disable ESLint' command.
[Warn  - 7:28:34 PM] Detected package manager() differs from the one in the deprecated packageManager setting(npm). We will honor this setting until it is removed.
[object Object]
[Info  - 7:28:34 PM] 
Failed to load the ESLint library for the document /home/hiroroshi/.vscode-server/extensions/eamodio.gitlens-14.9.0/dist/webviews/settings.js

To use ESLint please install eslint by running npm install eslint in the workspace folder hiroroshi
or globally using 'npm install -g eslint'. You need to reopen the workspace after installing eslint.

If you are using yarn or pnpm instead of npm set the setting `eslint.packageManager` to either `yarn` or `pnpm`
Alternatively you can disable ESLint for the workspace folder hiroroshi by executing the 'Disable ESLint' command.
[Info  - 7:30:46 PM] ESLint server stopped.
